CREATE USER SA PASSWORD "" ADMIN
/*C1*/SET SCHEMA PUBLIC
CONNECT USER SA
/*C2*/SET SCHEMA PUBLIC
CONNECT USER SA
create table usuario \u000a\u0009(username VARCHAR, \u000a\u0009 pass VARCHAR,\u000a\u0009 name VARCHAR,\u000a\u0009 email VARCHAR)
create table usuario_access \u000a\u0009(username VARCHAR,\u000a\u0009 access VARCHAR)
INSERT INTO USUARIO VALUES('admin','admin','Admin do sistema',NULL)
INSERT INTO USUARIO_ACCESS VALUES('admin','Usu\u00e1rio')
INSERT INTO USUARIO_ACCESS VALUES('admin','Produto')
/*C3*/SET SCHEMA PUBLIC
CONNECT USER SA
/*C4*/SET SCHEMA PUBLIC
CONNECT USER SA
/*C5*/SET SCHEMA PUBLIC
CONNECT USER SA
/*C6*/SET SCHEMA PUBLIC
CONNECT USER SA
/*C7*/SET SCHEMA PUBLIC
CONNECT USER SA
/*C8*/SET SCHEMA PUBLIC
CONNECT USER SA
/*C9*/SET SCHEMA PUBLIC
CONNECT USER SA
/*C8*/DISCONNECT
/*C10*/SET SCHEMA PUBLIC
CONNECT USER SA
/*C7*/DISCONNECT
/*C6*/DISCONNECT
/*C5*/DISCONNECT
/*C4*/DISCONNECT
/*C3*/DISCONNECT
/*C11*/SET SCHEMA PUBLIC
CONNECT USER SA
/*C2*/DISCONNECT
/*C1*/DISCONNECT
/*C12*/SET SCHEMA PUBLIC
CONNECT USER SA
