/*C9*/SET SCHEMA PUBLIC
DROP TABLE usuario
 CREATE TABLE usuario (username VARCHAR (40), pass VARCHAR (40), name VARCHAR (200), email VARCHAR (200))
 ALTER TABLE usuario ADD PRIMARY KEY (username)
INSERT INTO USUARIO VALUES('admin','admin','Admin do sistema',NULL)
COMMIT
 DROP TABLE usuario_access
 CREATE TABLE usuario_access (username VARCHAR (40), access VARCHAR (40))
INSERT INTO USUARIO_ACCESS VALUES('admin','Usu\u00e1rio')
COMMIT
 DROP TABLE mp_product_company
 CREATE TABLE mp_product_company ( cd_product IDENTITY, ds_product VARCHAR(140) NULL, cd_product_internal VARCHAR(20) NULL, ds_mobile VARCHAR(24) NULL, qrcode VARCHAR(4000) NULL, price DECIMAL(10,2) NULL, ds_detail_description VARCHAR(600) NULL, valid_date DATE NULL, cd_company INTEGER NULL, delivery BOOLEAN NULL, rate_delivery DECIMAL(10,2) NULL, consumable BOOLEAN NULL, quantity_informed BOOLEAN NULL, parcel_quantity_card BOOLEAN NULL, image_product BLOB NULL )
/*C11*/SET SCHEMA PUBLIC
INSERT INTO USUARIO VALUES('teste','teste','teste','teste@teste.com')
COMMIT
/*C12*/SET SCHEMA PUBLIC
INSERT INTO USUARIO_ACCESS VALUES('teste','tela1')
COMMIT
INSERT INTO USUARIO_ACCESS VALUES('teste','tela2')
COMMIT
INSERT INTO USUARIO_ACCESS VALUES('teste','tela3')
COMMIT
/*C15*/SET SCHEMA PUBLIC
INSERT INTO USUARIO VALUES('teste2','teste2','teste2','teste@teste.com')
COMMIT
/*C16*/SET SCHEMA PUBLIC
INSERT INTO USUARIO_ACCESS VALUES('teste2','tela1')
COMMIT
INSERT INTO USUARIO_ACCESS VALUES('teste2','tela2')
COMMIT
INSERT INTO USUARIO_ACCESS VALUES('teste2','tela3')
COMMIT
/*C20*/SET SCHEMA PUBLIC
DELETE FROM USUARIO WHERE USERNAME='teste'
INSERT INTO USUARIO VALUES('teste','teste3','teste3','teste3@teste.com')
COMMIT
/*C22*/SET SCHEMA PUBLIC
INSERT INTO USUARIO_ACCESS VALUES('teste','tela4')
COMMIT
INSERT INTO USUARIO_ACCESS VALUES('teste','tela5')
COMMIT
INSERT INTO USUARIO_ACCESS VALUES('teste','tela6')
COMMIT
